Arguments: 
  D:\AllTool\Environment\nodejs\node.exe C:\Program Files (x86)\Yarn\bin\yarn.js add moment --save

PATH: 
  C:\Windows\system32;C:\Windows;C:\Windows\System32\Wbem;C:\Windows\System32\WindowsPowerShell\v1.0\;C:\Windows\System32\OpenSSH\;C:\ProgramData\chocolatey\bin;D:\AllTool\Environment\nodejs\;D:\AllTool\DevelopTool\Git\cmd;C:\Program Files\dotnet\;C:\Program Files\Microsoft SQL Server\Client SDK\ODBC\170\Tools\Binn\;C:\Program Files\TortoiseSVN\bin;D:\AllTool\DevelopTool\PostgreSQL\11\bin;D:\AllTool\DevelopTool\PostgreSQL\11\lib;C:\Program Files\Microsoft SQL Server\Client SDK\ODBC\130\Tools\Binn\;D:\AllTool\DevelopTool\SQLServer\130\Tools\Binn\;C:\Program Files\Microsoft SQL Server\130\Tools\Binn\;D:\AllTool\DevelopTool\SQLServer\130\DTS\Binn\;C:\Program Files\Microsoft SQL Server\130\DTS\Binn\;C:\Program Files (x86)\Microsoft SQL Server\130\DTS\Binn\;C:\Program Files (x86)\Microsoft SQL Server\130\Tools\Binn\;C:\Program Files\Microsoft\Web Platform Installer\;C:\Program Files (x86)\Microsoft SQL Server\150\DTS\Binn\;C:\Program Files (x86)\Yarn\bin\;C:\Users\user\AppData\Local\Microsoft\WindowsApps;F:\AllSoftWare\Bandizip\;D:\AllTool\DevelopTool\Microsoft VS Code\bin;C:\Users\user\AppData\Roaming\npm;D:\AllTool\DevelopTool\WebStorm 2019.2.4\bin;C:\Users\user\.dotnet\tools;D:\AllTool\DevelopTool\WebStorm 2019.2.4\bin;;c:\program files\esafenet\cobra docguard client;C:\Users\user\AppData\Local\Yarn\bin

Yarn version: 
  1.19.1

Node version: 
  12.13.0

Platform: 
  win32 x64

Trace: 
  SyntaxError: C:\Users\user\AppData\Local\Yarn\Cache\v6\npm-@babel-runtime-7.0.0-beta.46-466a9c0498f6d12d054a185981eef742d59d4871-integrity\node_modules\@babel\runtime\.yarn-metadata.json: Unexpected token b in JSON at position 0
      at JSON.parse (<anonymous>)
      at C:\Program Files (x86)\Yarn\lib\cli.js:1625:59
      at Generator.next (<anonymous>)
      at step (C:\Program Files (x86)\Yarn\lib\cli.js:304:30)
      at C:\Program Files (x86)\Yarn\lib\cli.js:315:13

npm manifest: 
  {
    "private": true,
    "scripts": {
      "start": "roadhog server",
      "build": "roadhog build",
      "lint": "eslint --ext .js src test",
      "precommit": "npm run lint",
      "json:server": "json-server --watch db.json",
     "json:server:remote": "json-server http://jsonplaceholder.typicode.com/db"
    },
    "dependencies": {
      "dva": "^2.4.1",
      "json-server": "^0.15.1",
      "react": "^16.2.0",
      "react-dom": "^16.2.0"
    },
    "devDependencies": {
      "babel-plugin-dva-hmr": "^0.3.2",
      "eslint": "^4.14.0",
      "eslint-config-umi": "^0.1.1",
      "eslint-plugin-flowtype": "^2.34.1",
      "eslint-plugin-import": "^2.6.0",
      "eslint-plugin-jsx-a11y": "^5.1.1",
      "eslint-plugin-react": "^7.1.0",
      "husky": "^0.12.0",
      "redbox-react": "^1.4.3",
      "roadhog": "^2.5.0-beta.4"
    }
  
  }

yarn manifest: 
  No manifest

Lockfile: 
  No lockfile
